<?xml version="1.0" encoding="UTF-8"?>
<testng-results skipped="0" failed="1" ignored="1" total="5" passed="3">
  <reporter-output>
  </reporter-output>
  <suite name="Regression Test" duration-ms="13780" started-at="2020-04-26T12:22:29Z" finished-at="2020-04-26T12:22:42Z">
    <groups>
    </groups>
    <test name="signup testing" duration-ms="13780" started-at="2020-04-26T12:22:29Z" finished-at="2020-04-26T12:22:42Z">
      <class name="scripts.codeRun">
        <test-method status="PASS" signature="beforetest()[pri:0, instance:scripts.codeRun@2ef5e5e3]" name="beforetest" is-config="true" duration-ms="0" started-at="2020-04-26T08:22:29Z" finished-at="2020-04-26T08:22:29Z">
          <reporter-output>
          </reporter-output>
        </test-method> <!-- beforetest -->
        <test-method status="PASS" signature="beforeTest()[pri:0, instance:scripts.elementCheck@36d4b5c]" name="beforeTest" is-config="true" duration-ms="6882" started-at="2020-04-26T08:22:29Z" finished-at="2020-04-26T08:22:36Z">
          <reporter-output>
          </reporter-output>
        </test-method> <!-- beforeTest -->
        <test-method status="PASS" signature="ctest()[pri:0, instance:scripts.codeRun@2ef5e5e3]" name="ctest" duration-ms="6" started-at="2020-04-26T08:22:36Z" finished-at="2020-04-26T08:22:36Z">
          <reporter-output>
          </reporter-output>
        </test-method> <!-- ctest -->
        <test-method status="PASS" signature="beforemethod()[pri:0, instance:scripts.codeRun@2ef5e5e3]" name="beforemethod" is-config="true" duration-ms="0" started-at="2020-04-26T08:22:36Z" finished-at="2020-04-26T08:22:36Z">
          <reporter-output>
          </reporter-output>
        </test-method> <!-- beforemethod -->
        <test-method status="PASS" signature="aftermethod()[pri:0, instance:scripts.codeRun@2ef5e5e3]" name="aftermethod" is-config="true" duration-ms="0" started-at="2020-04-26T08:22:36Z" finished-at="2020-04-26T08:22:36Z">
          <reporter-output>
          </reporter-output>
        </test-method> <!-- aftermethod -->
        <test-method status="PASS" signature="btest()[pri:0, instance:scripts.codeRun@2ef5e5e3]" name="btest" duration-ms="1" started-at="2020-04-26T08:22:36Z" depends-on-methods="scripts.codeRun.ctest" finished-at="2020-04-26T08:22:36Z">
          <reporter-output>
          </reporter-output>
        </test-method> <!-- btest -->
        <test-method status="PASS" signature="beforemethod()[pri:0, instance:scripts.codeRun@2ef5e5e3]" name="beforemethod" is-config="true" duration-ms="0" started-at="2020-04-26T08:22:36Z" finished-at="2020-04-26T08:22:36Z">
          <reporter-output>
          </reporter-output>
        </test-method> <!-- beforemethod -->
        <test-method status="PASS" signature="aftermethod()[pri:0, instance:scripts.codeRun@2ef5e5e3]" name="aftermethod" is-config="true" duration-ms="0" started-at="2020-04-26T08:22:36Z" finished-at="2020-04-26T08:22:36Z">
          <reporter-output>
          </reporter-output>
        </test-method> <!-- aftermethod -->
        <test-method status="PASS" signature="aftertest()[pri:0, instance:scripts.codeRun@2ef5e5e3]" name="aftertest" is-config="true" duration-ms="0" started-at="2020-04-26T08:22:42Z" finished-at="2020-04-26T08:22:42Z">
          <reporter-output>
          </reporter-output>
        </test-method> <!-- aftertest -->
        <test-method status="PASS" signature="afterTest()[pri:0, instance:scripts.elementCheck@36d4b5c]" name="afterTest" is-config="true" duration-ms="848" started-at="2020-04-26T08:22:42Z" finished-at="2020-04-26T08:22:42Z">
          <reporter-output>
          </reporter-output>
        </test-method> <!-- afterTest -->
      </class> <!-- scripts.codeRun -->
      <class name="scripts.elementCheck">
        <test-method status="PASS" signature="validateElementPresent()[pri:1, instance:scripts.elementCheck@36d4b5c]" name="validateElementPresent" duration-ms="4251" started-at="2020-04-26T08:22:36Z" finished-at="2020-04-26T08:22:40Z">
          <reporter-output>
          </reporter-output>
        </test-method> <!-- validateElementPresent -->
        <test-method status="FAIL" signature="validateMessangerURL()[pri:2, instance:scripts.elementCheck@36d4b5c]" name="validateMessangerURL" duration-ms="1769" started-at="2020-04-26T08:22:40Z" finished-at="2020-04-26T08:22:42Z">
          <exception class="java.lang.AssertionError">
            <message>
              <![CDATA[expected [https://www.mess.com/] but found [https://www.messenger.com/]]]>
            </message>
            <full-stacktrace>
              <![CDATA[java.lang.AssertionError: expected [https://www.mess.com/] but found [https://www.messenger.com/]
	at org.testng.Assert.fail(Assert.java:94)
	at org.testng.Assert.failNotEquals(Assert.java:513)
	at org.testng.Assert.assertEqualsImpl(Assert.java:135)
	at org.testng.Assert.assertEquals(Assert.java:116)
	at org.testng.Assert.assertEquals(Assert.java:190)
	at org.testng.Assert.assertEquals(Assert.java:200)
	at scripts.elementCheck.validateMessangerURL(elementCheck.java:59)
	at sun.reflect.NativeMethodAccessorImpl.invoke0(Native Method)
	at sun.reflect.NativeMethodAccessorImpl.invoke(NativeMethodAccessorImpl.java:62)
	at sun.reflect.DelegatingMethodAccessorImpl.invoke(DelegatingMethodAccessorImpl.java:43)
	at java.lang.reflect.Method.invoke(Method.java:498)
	at org.testng.internal.MethodInvocationHelper.invokeMethod(MethodInvocationHelper.java:104)
	at org.testng.internal.Invoker.invokeMethod(Invoker.java:645)
	at org.testng.internal.Invoker.invokeTestMethod(Invoker.java:851)
	at org.testng.internal.Invoker.invokeTestMethods(Invoker.java:1177)
	at org.testng.internal.TestMethodWorker.invokeTestMethods(TestMethodWorker.java:129)
	at org.testng.internal.TestMethodWorker.run(TestMethodWorker.java:112)
	at org.testng.TestRunner.privateRun(TestRunner.java:756)
	at org.testng.TestRunner.run(TestRunner.java:610)
	at org.testng.SuiteRunner.runTest(SuiteRunner.java:387)
	at org.testng.SuiteRunner.runSequentially(SuiteRunner.java:382)
	at org.testng.SuiteRunner.privateRun(SuiteRunner.java:340)
	at org.testng.SuiteRunner.run(SuiteRunner.java:289)
	at org.testng.SuiteRunnerWorker.runSuite(SuiteRunnerWorker.java:52)
	at org.testng.SuiteRunnerWorker.run(SuiteRunnerWorker.java:86)
	at org.testng.TestNG.runSuitesSequentially(TestNG.java:1293)
	at org.testng.TestNG.runSuitesLocally(TestNG.java:1218)
	at org.testng.TestNG.runSuites(TestNG.java:1133)
	at org.testng.TestNG.run(TestNG.java:1104)
	at org.testng.remote.AbstractRemoteTestNG.run(AbstractRemoteTestNG.java:115)
	at org.testng.remote.RemoteTestNG.initAndRun(RemoteTestNG.java:251)
	at org.testng.remote.RemoteTestNG.main(RemoteTestNG.java:77)
]]>
            </full-stacktrace>
          </exception> <!-- java.lang.AssertionError -->
          <reporter-output>
          </reporter-output>
        </test-method> <!-- validateMessangerURL -->
      </class> <!-- scripts.elementCheck -->
    </test> <!-- signup testing -->
  </suite> <!-- Regression Test -->
</testng-results>
